
Migration account: 0x6f62894bfd81d2e396ce266b2ad0f21e0668d604e5bb1077337b6d570a54aea

[2m[1/3][0m ðŸŒ Building World state...
[2m[2/3][0m ðŸ§° Evaluating World diff...
[2m[3/3][0m ðŸ“¦ Migrating world...

[1m# Executor[0m
[2m  > contract address: 0x13c7a36b4f70191f6f17b407fcd7cc1b5b7d6488e3677855c7c51852dbbda96[0m
[1m# World[0m
[2m  > contract address: 0x7f1d6c1b15e03673062d8356dc1174d5d85c310479ec49fe781e8bf89e4c4f8[0m
[1m# Components (6)[0m
  [3mColor[0m
[2m  > class hash: 0x1958693a44a4aa2a2f02e8bc5bb24a0a24b14445c65a7513508cd89194966eb[0m
  [3mPos[0m
[2m  > class hash: 0x770e331b3e374524d7460cbfe7f1a7802a7911991fa0788255375708f658e6e[0m
  [3mVel[0m
[2m  > class hash: 0x61581bf7d5c219394e86dd54a0a742490c8c66cb403ae5d8f5f2a0ee003d2aa[0m
  [3mAcc[0m
[2m  > class hash: 0x6994ab661ff19a58d2dae585fbfac41de56a76afbdf09ed46f96683f2694a7e[0m
  [3mAuthStatus[0m
[2m  > class hash: 0x3e0b3ffb3e7cd8a661a7ac6b935bad3de651462ea1fb005cd4fff6550ac5337[0m
  [3mAuthRole[0m
[2m  > class hash: 0x2b61fb54b7be43094bca77ffe3c7da3d1aa1d8ca5ff3aef303d0672cce3c555[0m
[1m# Systems (12)[0m
  [3mSpawn[0m
[2m  > class hash: 0x16c63d493ae449fc139778cb2f92934664048c38c6e239b6cba39e1d7b42cf7[0m
  [3mUpdate[0m
[2m  > class hash: 0x7aba717e8247982875f8dcb94ae196b4e69e24aae775e74f84e586aa8f7b2d9[0m
  [3mRouteAuth[0m
[2m  > class hash: 0x328155f2126a5ddbfaeaadd84b0ae2aade22c8e764c981bdf66ed593b5f611c[0m
  [3mIsAccountAdmin[0m
[2m  > class hash: 0xa1971b109c62b8c664bb6d7770d10a279a13c65c605831ab2971699995ade8[0m
  [3mIsAuthorized[0m
[2m  > class hash: 0x71154d247157ff6b95e700130779ae2ff0d2ded5d1e854612c96b6df71bb650[0m
  [3mGrantAuthRole[0m
[2m  > class hash: 0x6c055a55217d1adeb0b4061a533eb9e4d0705c6b5cbc59da4b841b3a195ab85[0m
  [3mGrantScopedAuthRole[0m
[2m  > class hash: 0x2c854482f2c3db0b59aa597ae21fd47a65c383badb2490780cb72731883238[0m
  [3mGrantResource[0m
[2m  > class hash: 0x3c0afbab7b4e99eb3fc7d06afadf0d0c1b0754a5458d012c87a732586fb39cc[0m
  [3mRevokeAuthRole[0m
[2m  > class hash: 0x333e5278b473877e1fcb2c590c9c540bc77e8db28c9402b127da8658a60976e[0m
  [3mRevokeScopedAuthRole[0m
[2m  > class hash: 0x287979f15e7d95b97b4fd5a4c6ee44d7902e695e2017fc71a54ba696f6df06f[0m
  [3mRevokeResource[0m
[2m  > class hash: 0x6f6068fccc50d14dc65a34e3b3372c40ba66e27570c264f3d44ec1989d3bdf5[0m
  [3mLibraryCall[0m
[2m  > class hash: 0x912b21a6d10657808535a4f7ef5f3cbbb594df8082925b9694159ff0dab2f[0m
[1m# Initialization[0m

âœ¨ Successfully migrated World at address 0x7f1d6c1b15e03673062d8356dc1174d5d85c310479ec49fe781e8bf89e4c4f8
